# JRE version: OpenJDK Runtime Environment (8.0_372-b07) (build 1.8.0_372-b07)
# Java VM: OpenJDK 64-Bit Server VM (25.372-b07 mixed mode windows-amd64 compressed oops)
Heap:
 PSYoungGen      total 577536K, used 25805K [0x00000000d5580000, 0x00000000fb100000, 0x0000000100000000)
  eden space 546304K, 2% used [0x00000000d5580000,0x00000000d6402428,0x00000000f6b00000)
  from space 31232K, 35% used [0x00000000f6b00000,0x00000000f75b0ff8,0x00000000f8980000)
  to   space 23552K, 0% used [0x00000000f8980000,0x00000000f8980000,0x00000000fa080000)
 ParOldGen       total 214528K, used 81135K [0x0000000080000000, 0x000000008d180000, 0x00000000d5580000)
  object space 214528K, 37% used [0x0000000080000000,0x0000000084f3be18,0x000000008d180000)
 Metaspace       used 99796K, capacity 105370K, committed 106072K, reserved 1140736K
  class space    used 13687K, capacity 14725K, committed 14936K, reserved 1048576K
GC Heap History (10 events):
Event: 33.809 GC heap before
{Heap before GC invocations=19 (full 3):
 PSYoungGen      total 425984K, used 405570K [0x00000000d5580000, 0x00000000f7180000, 0x0000000100000000)
  eden space 402432K, 100% used [0x00000000d5580000,0x00000000ede80000,0x00000000ede80000)
  from space 23552K, 13% used [0x00000000ede80000,0x00000000ee1909e8,0x00000000ef580000)
  to   space 23040K, 0% used [0x00000000f5b00000,0x00000000f5b00000,0x00000000f7180000)
 ParOldGen       total 129024K, used 50321K [0x0000000080000000, 0x0000000087e00000, 0x00000000d5580000)
  object space 129024K, 39% used [0x0000000080000000,0x0000000083124718,0x0000000087e00000)
 Metaspace       used 80622K, capacity 84570K, committed 84824K, reserved 1122304K
  class space    used 11087K, capacity 11798K, committed 11864K, reserved 1048576K
Event: 33.819 GC heap after
Heap after GC invocations=19 (full 3):
 PSYoungGen      total 505856K, used 13376K [0x00000000d5580000, 0x00000000f6880000, 0x0000000100000000)
  eden space 492032K, 0% used [0x00000000d5580000,0x00000000d5580000,0x00000000f3600000)
  from space 13824K, 96% used [0x00000000f5b00000,0x00000000f6810010,0x00000000f6880000)
  to   space 23552K, 0% used [0x00000000f3a80000,0x00000000f3a80000,0x00000000f5180000)
 ParOldGen       total 129024K, used 50329K [0x0000000080000000, 0x0000000087e00000, 0x00000000d5580000)
  object space 129024K, 39% used [0x0000000080000000,0x0000000083126718,0x0000000087e00000)
 Metaspace       used 80622K, capacity 84570K, committed 84824K, reserved 1122304K
  class space    used 11087K, capacity 11798K, committed 11864K, reserved 1048576K
}
Event: 47.297 GC heap before
{Heap before GC invocations=20 (full 3):
 PSYoungGen      total 505856K, used 505408K [0x00000000d5580000, 0x00000000f6880000, 0x0000000100000000)
  eden space 492032K, 100% used [0x00000000d5580000,0x00000000f3600000,0x00000000f3600000)
  from space 13824K, 96% used [0x00000000f5b00000,0x00000000f6810010,0x00000000f6880000)
  to   space 23552K, 0% used [0x00000000f3a80000,0x00000000f3a80000,0x00000000f5180000)
 ParOldGen       total 129024K, used 50329K [0x0000000080000000, 0x0000000087e00000, 0x00000000d5580000)
  object space 129024K, 39% used [0x0000000080000000,0x0000000083126718,0x0000000087e00000)
 Metaspace       used 80627K, capacity 84576K, committed 84824K, reserved 1122304K
  class space    used 11088K, capacity 11799K, committed 11864K, reserved 1048576K
Event: 47.310 GC heap after
Heap after GC invocations=20 (full 3):
 PSYoungGen      total 520192K, used 13856K [0x00000000d5580000, 0x00000000fa080000, 0x0000000100000000)
  eden space 496640K, 0% used [0x00000000d5580000,0x00000000d5580000,0x00000000f3a80000)
  from space 23552K, 58% used [0x00000000f3a80000,0x00000000f4808010,0x00000000f5180000)
  to   space 23552K, 0% used [0x00000000f8980000,0x00000000f8980000,0x00000000fa080000)
 ParOldGen       total 129024K, used 50337K [0x0000000080000000, 0x0000000087e00000, 0x00000000d5580000)
  object space 129024K, 39% used [0x0000000080000000,0x0000000083128718,0x0000000087e00000)
 Metaspace       used 80627K, capacity 84576K, committed 84824K, reserved 1122304K
  class space    used 11088K, capacity 11799K, committed 11864K, reserved 1048576K
}
Event: 54.375 GC heap before
{Heap before GC invocations=21 (full 3):
 PSYoungGen      total 520192K, used 399648K [0x00000000d5580000, 0x00000000fa080000, 0x0000000100000000)
  eden space 496640K, 77% used [0x00000000d5580000,0x00000000ece403d8,0x00000000f3a80000)
  from space 23552K, 58% used [0x00000000f3a80000,0x00000000f4808010,0x00000000f5180000)
  to   space 23552K, 0% used [0x00000000f8980000,0x00000000f8980000,0x00000000fa080000)
 ParOldGen       total 129024K, used 50337K [0x0000000080000000, 0x0000000087e00000, 0x00000000d5580000)
  object space 129024K, 39% used [0x0000000080000000,0x0000000083128718,0x0000000087e00000)
 Metaspace       used 92129K, capacity 98374K, committed 98496K, reserved 1134592K
  class space    used 12765K, capacity 13833K, committed 13912K, reserved 1048576K
Event: 54.415 GC heap after
Heap after GC invocations=21 (full 3):
 PSYoungGen      total 569856K, used 23539K [0x00000000d5580000, 0x00000000fb100000, 0x0000000100000000)
  eden space 546304K, 0% used [0x00000000d5580000,0x00000000d5580000,0x00000000f6b00000)
  from space 23552K, 99% used [0x00000000f8980000,0x00000000fa07cd08,0x00000000fa080000)
  to   space 31232K, 0% used [0x00000000f6b00000,0x00000000f6b00000,0x00000000f8980000)
 ParOldGen       total 129024K, used 61161K [0x0000000080000000, 0x0000000087e00000, 0x00000000d5580000)
  object space 129024K, 47% used [0x0000000080000000,0x0000000083bba728,0x0000000087e00000)
 Metaspace       used 92129K, capacity 98374K, committed 98496K, reserved 1134592K
  class space    used 12765K, capacity 13833K, committed 13912K, reserved 1048576K
}
Event: 54.415 GC heap before
{Heap before GC invocations=22 (full 4):
 PSYoungGen      total 569856K, used 23539K [0x00000000d5580000, 0x00000000fb100000, 0x0000000100000000)
  eden space 546304K, 0% used [0x00000000d5580000,0x00000000d5580000,0x00000000f6b00000)
  from space 23552K, 99% used [0x00000000f8980000,0x00000000fa07cd08,0x00000000fa080000)
  to   space 31232K, 0% used [0x00000000f6b00000,0x00000000f6b00000,0x00000000f8980000)
 ParOldGen       total 129024K, used 61161K [0x0000000080000000, 0x0000000087e00000, 0x00000000d5580000)
  object space 129024K, 47% used [0x0000000080000000,0x0000000083bba728,0x0000000087e00000)
 Metaspace       used 92129K, capacity 98374K, committed 98496K, reserved 1134592K
  class space    used 12765K, capacity 13833K, committed 13912K, reserved 1048576K
Event: 54.861 GC heap after
Heap after GC invocations=22 (full 4):
 PSYoungGen      total 569856K, used 0K [0x00000000d5580000, 0x00000000fb100000, 0x0000000100000000)
  eden space 546304K, 0% used [0x00000000d5580000,0x00000000d5580000,0x00000000f6b00000)
  from space 23552K, 0% used [0x00000000f8980000,0x00000000f8980000,0x00000000fa080000)
  to   space 31232K, 0% used [0x00000000f6b00000,0x00000000f6b00000,0x00000000f8980000)
 ParOldGen       total 214528K, used 81127K [0x0000000080000000, 0x000000008d180000, 0x00000000d5580000)
  object space 214528K, 37% used [0x0000000080000000,0x0000000084f39e18,0x000000008d180000)
 Metaspace       used 91373K, capacity 96116K, committed 98496K, reserved 1134592K
  class space    used 12519K, capacity 13414K, committed 13912K, reserved 1048576K
}
Event: 284.731 GC heap before
{Heap before GC invocations=23 (full 4):
 PSYoungGen      total 569856K, used 546304K [0x00000000d5580000, 0x00000000fb100000, 0x0000000100000000)
  eden space 546304K, 100% used [0x00000000d5580000,0x00000000f6b00000,0x00000000f6b00000)
  from space 23552K, 0% used [0x00000000f8980000,0x00000000f8980000,0x00000000fa080000)
  to   space 31232K, 0% used [0x00000000f6b00000,0x00000000f6b00000,0x00000000f8980000)
 ParOldGen       total 214528K, used 81127K [0x0000000080000000, 0x000000008d180000, 0x00000000d5580000)
  object space 214528K, 37% used [0x0000000080000000,0x0000000084f39e18,0x000000008d180000)
 Metaspace       used 99103K, capacity 104760K, committed 105432K, reserved 1140736K
  class space    used 13561K, capacity 14628K, committed 14808K, reserved 1048576K
Event: 285.621 GC heap after
Heap after GC invocations=23 (full 4):
 PSYoungGen      total 577536K, used 10947K [0x00000000d5580000, 0x00000000fb100000, 0x0000000100000000)
  eden space 546304K, 0% used [0x00000000d5580000,0x00000000d5580000,0x00000000f6b00000)
  from space 31232K, 35% used [0x00000000f6b00000,0x00000000f75b0ff8,0x00000000f8980000)
  to   space 23552K, 0% used [0x00000000f8980000,0x00000000f8980000,0x00000000fa080000)
 ParOldGen       total 214528K, used 81135K [0x0000000080000000, 0x000000008d180000, 0x00000000d5580000)
  object space 214528K, 37% used [0x0000000080000000,0x0000000084f3be18,0x000000008d180000)
 Metaspace       used 99103K, capacity 104760K, committed 105432K, reserved 1140736K
  class space    used 13561K, capacity 14628K, committed 14808K, reserved 1048576K
}

